{
  "stats": {
    "suites": 1,
    "tests": 1,
    "passes": 1,
    "pending": 0,
    "failures": 0,
    "start": "2024-06-29T16:32:17.848Z",
    "end": "2024-06-29T16:32:18.362Z",
    "duration": 514,
    "testsRegistered": 1,
    "passPercent": 100,
    "pendingPercent": 0,
    "other": 0,
    "hasOther": false,
    "skipped": 0,
    "hasSkipped": false
  },
  "results": [
    {
      "uuid": "fa4703ab-7fdc-43e1-ad46-723d7929cedf",
      "title": "",
      "fullFile": "cypress\\e2e\\API\\Second_Scenario\\6.friendShipCount.cy.js",
      "file": "cypress\\e2e\\API\\Second_Scenario\\6.friendShipCount.cy.js",
      "beforeHooks": [],
      "afterHooks": [],
      "tests": [],
      "suites": [
        {
          "uuid": "666d45ae-1307-4672-821b-d89b657b0e3e",
          "title": "Friendship count",
          "fullFile": "",
          "file": "",
          "beforeHooks": [],
          "afterHooks": [],
          "tests": [
            {
              "title": "As a groom/bride, I should be able to get my friendship count",
              "fullTitle": "Friendship count As a groom/bride, I should be able to get my friendship count",
              "timedOut": null,
              "duration": 480,
              "state": "passed",
              "speed": "fast",
              "pass": true,
              "fail": false,
              "pending": false,
              "context": null,
              "code": "cy.request({\n  method: \"GET\",\n  url: \"/api/user/friendship-count\",\n  headers: {\n    Authorization: `Bearer ${accessToken}`\n  }\n}).then(res => {\n  console.log(res);\n});",
              "err": {},
              "uuid": "30c25004-6041-4b9d-b0f0-2188bc314bfa",
              "parentUUID": "666d45ae-1307-4672-821b-d89b657b0e3e",
              "isHook": false,
              "skipped": false
            }
          ],
          "suites": [],
          "passes": [
            "30c25004-6041-4b9d-b0f0-2188bc314bfa"
          ],
          "failures": [],
          "pending": [],
          "skipped": [],
          "duration": 480,
          "root": false,
          "rootEmpty": false,
          "_timeout": 2000
        }
      ],
      "passes": [],
      "failures": [],
      "pending": [],
      "skipped": [],
      "duration": 0,
      "root": true,
      "rootEmpty": true,
      "_timeout": 2000
    }
  ],
  "meta": {
    "mocha": {
      "version": "7.0.1"
    },
    "mochawesome": {
      "options": {
        "quiet": false,
        "reportFilename": "mochawesome",
        "saveHtml": true,
        "saveJson": true,
        "consoleReporter": "spec",
        "useInlineDiffs": false,
        "code": true
      },
      "version": "7.1.3"
    },
    "marge": {
      "options": {
        "charts": true,
        "reportPageTitle": "custom-title",
        "embeddedScreenshots": true,
        "inlineAssets": true,
        "saveAllAttempts": false
      },
      "version": "6.2.0"
    }
  }
}